2026-06-12 08:02:31 | sensor | HOS001-S21-01 | qa_notes | None -> test_log_ok
2026-06-12 10:20:59 | building | HOS001 | short_name | Aj. Casa Consistorial -> Aj. Casa Consistorial
2026-06-12 10:20:59 | building | HOS001 | description | None -> aaa
2026-06-12 10:20:59 | building | HOS001 | type | ADMINISTRATIVO -> ADMINISTRATIVO
2026-06-12 10:20:59 | building | HOS001 | zone | RESIDENCIAL -> RESIDENCIAL
2026-06-12 10:20:59 | building | HOS001 | neighborhood_key | CENTRE -> CENTRE
2026-06-12 10:20:59 | building | HOS001 | district_code | DISTRITO-1 -> DISTRITO-1
2026-06-12 10:20:59 | building | HOS001 | street_etra | C. Digoine -> C. Digoine
2026-06-12 10:20:59 | building | HOS001 | lat | 41.3610058832045 -> 41.3610058832045
2026-06-12 10:20:59 | building | HOS001 | lon | 2.09613941249931 -> 2.09613941249931
2026-06-12 10:20:59 | building | HOS001 | thing_id | kEl-nX4_BXGYTOBOWlZ2XB-CSQROPlckcAZ78LyQIuk -> kEl-nX4_BXGYTOBOWlZ2XB-CSQROPlckcAZ78LyQIuk
2026-06-12 10:20:59 | building | HOS001 | thing_token | 1OdhHybLSE726f25bpws1wMf3ngNGp6en6y0bA5FNBo -> 1OdhHybLSE726f25bpws1wMf3ngNGp6en6y0bA5FNBo
2026-06-12 10:20:59 | building | HOS001 | observaciones | None -> None
2026-06-12 10:21:08 | building | HOS001 | short_name | Aj. Casa Consistorial -> Aj. Casa Consistorial
2026-06-12 10:21:08 | building | HOS001 | description | aaa -> None
2026-06-12 10:21:08 | building | HOS001 | type | ADMINISTRATIVO -> ADMINISTRATIVO
2026-06-12 10:21:08 | building | HOS001 | zone | RESIDENCIAL -> RESIDENCIAL
2026-06-12 10:21:08 | building | HOS001 | neighborhood_key | CENTRE -> CENTRE
2026-06-12 10:21:08 | building | HOS001 | district_code | DISTRITO-1 -> DISTRITO-1
2026-06-12 10:21:08 | building | HOS001 | street_etra | C. Digoine -> C. Digoine
2026-06-12 10:21:08 | building | HOS001 | lat | 41.3610058832045 -> 41.3610058832045
2026-06-12 10:21:08 | building | HOS001 | lon | 2.09613941249931 -> 2.09613941249931
2026-06-12 10:21:08 | building | HOS001 | thing_id | kEl-nX4_BXGYTOBOWlZ2XB-CSQROPlckcAZ78LyQIuk -> kEl-nX4_BXGYTOBOWlZ2XB-CSQROPlckcAZ78LyQIuk
2026-06-12 10:21:08 | building | HOS001 | thing_token | 1OdhHybLSE726f25bpws1wMf3ngNGp6en6y0bA5FNBo -> 1OdhHybLSE726f25bpws1wMf3ngNGp6en6y0bA5FNBo
2026-06-12 10:21:08 | building | HOS001 | observaciones | None -> None
2026-06-13 09:29:27 | sensor | HOS136-S01-01 | system_id | S01 -> S01
2026-06-13 09:29:27 | sensor | HOS136-S01-01 | neighborhood_key | None -> None
2026-06-13 09:29:27 | sensor | HOS136-S01-01 | district_code | DISTRITO-1 -> DISTRITO-1
2026-06-13 09:29:27 | sensor | HOS136-S01-01 | hos | HOS136 -> HOS136
2026-06-13 09:29:27 | sensor | HOS136-S01-01 | ref_etra | 0 -> 0
2026-06-13 09:29:27 | sensor | HOS136-S01-01 | lat | 41.35299999999999 -> 41.3625896728415
2026-06-13 09:29:27 | sensor | HOS136-S01-01 | lon | 2.18 -> 2.18
2026-06-13 09:29:27 | sensor | HOS136-S01-01 | thing_id | 0vgUY6Uk_xpk2B58U2FCT-8y21lR95k0Qn87rlRD6VA -> 0vgUY6Uk_xpk2B58U2FCT-8y21lR95k0Qn87rlRD6VA
2026-06-13 09:29:27 | sensor | HOS136-S01-01 | thing_token | 8n5lCA8A0SuXPbkDDaM9vfdCaF0vJvBXKjz1yXT23D4 -> 8n5lCA8A0SuXPbkDDaM9vfdCaF0vJvBXKjz1yXT23D4
2026-06-13 09:29:27 | sensor | HOS136-S01-01 | observaciones | None -> None
2026-06-13 09:31:00 | sensor | HOS136-S01-01 | system_id | S01 -> S01
2026-06-13 09:31:00 | sensor | HOS136-S01-01 | neighborhood_key | None -> None
2026-06-13 09:31:00 | sensor | HOS136-S01-01 | district_code | DISTRITO-1 -> DISTRITO-1
2026-06-13 09:31:00 | sensor | HOS136-S01-01 | hos | HOS136 -> HOS136
2026-06-13 09:31:00 | sensor | HOS136-S01-01 | ref_etra | 0 -> 0
2026-06-13 09:31:00 | sensor | HOS136-S01-01 | lat | 41.3625896728415 -> 41.3625896728415
2026-06-13 09:31:00 | sensor | HOS136-S01-01 | lon | 2.18 -> 2.11461149687716
2026-06-13 09:31:00 | sensor | HOS136-S01-01 | thing_id | 0vgUY6Uk_xpk2B58U2FCT-8y21lR95k0Qn87rlRD6VA -> 0vgUY6Uk_xpk2B58U2FCT-8y21lR95k0Qn87rlRD6VA
2026-06-13 09:31:00 | sensor | HOS136-S01-01 | thing_token | 8n5lCA8A0SuXPbkDDaM9vfdCaF0vJvBXKjz1yXT23D4 -> 8n5lCA8A0SuXPbkDDaM9vfdCaF0vJvBXKjz1yXT23D4
2026-06-13 09:31:00 | sensor | HOS136-S01-01 | observaciones | None -> None
2026-06-13 09:41:54 | sensor | HOS136-S01-01 | system_id | S01 -> S01
2026-06-13 09:41:54 | sensor | HOS136-S01-01 | neighborhood_key | None -> None
2026-06-13 09:41:54 | sensor | HOS136-S01-01 | district_code | DISTRITO-1 -> DISTRITO-1
2026-06-13 09:41:54 | sensor | HOS136-S01-01 | hos | HOS136 -> HOS136
2026-06-13 09:41:54 | sensor | HOS136-S01-01 | ref_etra | 0 -> 0
2026-06-13 09:41:54 | sensor | HOS136-S01-01 | lat | 41.3625896728415 -> 41.3625896728415
2026-06-13 09:41:54 | sensor | HOS136-S01-01 | lon | 2.11461149687716 -> 2.09548452571258
2026-06-13 09:41:54 | sensor | HOS136-S01-01 | thing_id | 0vgUY6Uk_xpk2B58U2FCT-8y21lR95k0Qn87rlRD6VA -> 0vgUY6Uk_xpk2B58U2FCT-8y21lR95k0Qn87rlRD6VA
2026-06-13 09:41:54 | sensor | HOS136-S01-01 | thing_token | 8n5lCA8A0SuXPbkDDaM9vfdCaF0vJvBXKjz1yXT23D4 -> 8n5lCA8A0SuXPbkDDaM9vfdCaF0vJvBXKjz1yXT23D4
2026-06-13 09:41:54 | sensor | HOS136-S01-01 | observaciones | None -> None
2026-06-13 09:42:07 | sensor | HOS136-S01-01 | system_id | S01 -> S01
2026-06-13 09:42:07 | sensor | HOS136-S01-01 | neighborhood_key | None -> None
2026-06-13 09:42:07 | sensor | HOS136-S01-01 | district_code | DISTRITO-1 -> DISTRITO-1
2026-06-13 09:42:07 | sensor | HOS136-S01-01 | hos | HOS136 -> HOS136
2026-06-13 09:42:07 | sensor | HOS136-S01-01 | ref_etra | 0 -> 0
2026-06-13 09:42:07 | sensor | HOS136-S01-01 | lat | 41.3625896728415 -> 41.3625896728415
2026-06-13 09:42:07 | sensor | HOS136-S01-01 | lon | 2.09548452571258 -> 2.09548452571258
2026-06-13 09:42:07 | sensor | HOS136-S01-01 | thing_id | 0vgUY6Uk_xpk2B58U2FCT-8y21lR95k0Qn87rlRD6VA -> 0vgUY6Uk_xpk2B58U2FCT-8y21lR95k0Qn87rlRD6VA
2026-06-13 09:42:07 | sensor | HOS136-S01-01 | thing_token | 8n5lCA8A0SuXPbkDDaM9vfdCaF0vJvBXKjz1yXT23D4 -> 8n5lCA8A0SuXPbkDDaM9vfdCaF0vJvBXKjz1yXT23D4
2026-06-13 09:42:07 | sensor | HOS136-S01-01 | observaciones | None -> None
